<?xml version="1.0" encoding="UTF-8"?>
<!-- Generated by org.testng.reporters.JUnitReportReporter -->
<testsuite skipped="0" hostname="DESKTOP-0AA0O4F" name="com.crm.qa.testcases.LoginPageTest" tests="3" failures="0" timestamp="12 Jun 2020 15:15:03 GMT" time="53.714" errors="0">
  <testcase name="loginPageTitleTest" time="14.702" classname="com.crm.qa.testcases.LoginPageTest"/>
  <testcase name="crmLogoImageTest" time="17.470" classname="com.crm.qa.testcases.LoginPageTest"/>
  <testcase name="loginTest" time="21.542" classname="com.crm.qa.testcases.LoginPageTest"/>
</testsuite> <!-- com.crm.qa.testcases.LoginPageTest -->
